<?xml version="1.0" encoding="UTF-8"?>
<!-- Generated by org.testng.reporters.JUnitReportReporter -->
<testsuite skipped="1" hostname="IN5CG7192GQ4" name="testcases.Day3_InteractingWithHtmlAndWindowPopup" tests="2" failures="0" timestamp="24 Sep 2018 11:37:37 GMT" time="0.000" errors="1">
  <testcase name="htmlWindowPopupValidation" time="0.000" classname="testcases.Day3_InteractingWithHtmlAndWindowPopup">
    <skipped/>
  </testcase> <!-- htmlWindowPopupValidation -->
  <testcase name="automationStart" time="0.000" classname="testcases.Day3_InteractingWithHtmlAndWindowPopup">
    <error type="org.testng.TestNGException" message="
Parameter &#039;browserToOpen&#039; is required by BeforeClass on method automationStart but has not been marked @Optional or defined
in C:\Users\vshanmugam24\AppData\Local\Temp\testng-eclipse--1791112416\testng-customsuite.xml">
      <![CDATA[org.testng.TestNGException: 
Parameter 'browserToOpen' is required by BeforeClass on method automationStart but has not been marked @Optional or defined
in C:\Users\vshanmugam24\AppData\Local\Temp\testng-eclipse--1791112416\testng-customsuite.xml
at org.testng.internal.Parameters.createParams(Parameters.java:290)
at org.testng.internal.Parameters.createParametersForMethod(Parameters.java:359)
at org.testng.internal.Parameters.createParameters(Parameters.java:620)
at org.testng.internal.Parameters.createConfigurationParameters(Parameters.java:190)
at org.testng.internal.Invoker.invokeConfigurations(Invoker.java:209)
at org.testng.internal.Invoker.invokeConfigurations(Invoker.java:142)
at org.testng.internal.TestMethodWorker.invokeBeforeClassMethods(TestMethodWorker.java:168)
at org.testng.internal.TestMethodWorker.run(TestMethodWorker.java:105)
at org.testng.TestRunner.privateRun(TestRunner.java:648)
at org.testng.TestRunner.run(TestRunner.java:505)
at org.testng.SuiteRunner.runTest(SuiteRunner.java:455)
at org.testng.SuiteRunner.runSequentially(SuiteRunner.java:450)
at org.testng.SuiteRunner.privateRun(SuiteRunner.java:415)
at org.testng.SuiteRunner.run(SuiteRunner.java:364)
at org.testng.SuiteRunnerWorker.runSuite(SuiteRunnerWorker.java:52)
at org.testng.SuiteRunnerWorker.run(SuiteRunnerWorker.java:84)
at org.testng.TestNG.runSuitesSequentially(TestNG.java:1208)
at org.testng.TestNG.runSuitesLocally(TestNG.java:1137)
at org.testng.TestNG.runSuites(TestNG.java:1049)
at org.testng.TestNG.run(TestNG.java:1017)
at org.testng.remote.AbstractRemoteTestNG.run(AbstractRemoteTestNG.java:114)
at org.testng.remote.RemoteTestNG.initAndRun(RemoteTestNG.java:251)
at org.testng.remote.RemoteTestNG.main(RemoteTestNG.java:77)
]]>
    </error>
  </testcase> <!-- automationStart -->
</testsuite> <!-- testcases.Day3_InteractingWithHtmlAndWindowPopup -->
